{"C:\\Users\\mekus\\Downloads\\Todo-List-Project-2\\src\\modules\\functionality.js": {"path":"C:\\Users\\mekus\\Downloads\\Todo-List-Project-2\\src\\modules\\functionality.js","statementMap":{"0":{"start":{"line":3,"column":14},"end":{"line":3,"column":55}},"1":{"start":{"line":4,"column":22},"end":{"line":4,"column":54}},"2":{"start":{"line":5,"column":21},"end":{"line":5,"column":61}},"3":{"start":{"line":6,"column":13},"end":{"line":6,"column":53}},"4":{"start":{"line":8,"column":18},"end":{"line":8,"column":20}},"5":{"start":{"line":11,"column":17},"end":{"line":14,"column":1}},"6":{"start":{"line":12,"column":19},"end":{"line":12,"column":46}},"7":{"start":{"line":13,"column":2},"end":{"line":13,"column":48}},"8":{"start":{"line":16,"column":23},"end":{"line":18,"column":1}},"9":{"start":{"line":17,"column":2},"end":{"line":17,"column":64}},"10":{"start":{"line":20,"column":19},"end":{"line":30,"column":1}},"11":{"start":{"line":21,"column":2},"end":{"line":25,"column":4}},"12":{"start":{"line":26,"column":2},"end":{"line":29,"column":3}},"13":{"start":{"line":27,"column":4},"end":{"line":27,"column":33}},"14":{"start":{"line":28,"column":4},"end":{"line":28,"column":15}},"15":{"start":{"line":32,"column":21},"end":{"line":38,"column":1}},"16":{"start":{"line":33,"column":14},"end":{"line":33,"column":15}},"17":{"start":{"line":34,"column":2},"end":{"line":37,"column":5}},"18":{"start":{"line":35,"column":4},"end":{"line":35,"column":23}},"19":{"start":{"line":36,"column":4},"end":{"line":36,"column":15}},"20":{"start":{"line":40,"column":17},"end":{"line":44,"column":1}},"21":{"start":{"line":41,"column":2},"end":{"line":41,"column":62}},"22":{"start":{"line":41,"column":45},"end":{"line":41,"column":60}},"23":{"start":{"line":42,"column":2},"end":{"line":42,"column":17}},"24":{"start":{"line":43,"column":2},"end":{"line":43,"column":13}},"25":{"start":{"line":48,"column":24},"end":{"line":48,"column":53}},"26":{"start":{"line":49,"column":2},"end":{"line":49,"column":38}},"27":{"start":{"line":50,"column":31},"end":{"line":50,"column":60}},"28":{"start":{"line":51,"column":2},"end":{"line":51,"column":48}},"29":{"start":{"line":52,"column":2},"end":{"line":52,"column":50}},"30":{"start":{"line":53,"column":32},"end":{"line":53,"column":63}},"31":{"start":{"line":54,"column":2},"end":{"line":54,"column":50}},"32":{"start":{"line":55,"column":2},"end":{"line":55,"column":42}},"33":{"start":{"line":56,"column":29},"end":{"line":56,"column":60}},"34":{"start":{"line":57,"column":2},"end":{"line":57,"column":43}},"35":{"start":{"line":58,"column":2},"end":{"line":58,"column":35}},"36":{"start":{"line":59,"column":2},"end":{"line":59,"column":46}},"37":{"start":{"line":60,"column":2},"end":{"line":60,"column":58}},"38":{"start":{"line":61,"column":2},"end":{"line":61,"column":58}},"39":{"start":{"line":62,"column":2},"end":{"line":62,"column":55}},"40":{"start":{"line":65,"column":31},"end":{"line":65,"column":60}},"41":{"start":{"line":66,"column":2},"end":{"line":66,"column":48}},"42":{"start":{"line":67,"column":25},"end":{"line":67,"column":57}},"43":{"start":{"line":68,"column":2},"end":{"line":68,"column":39}},"44":{"start":{"line":69,"column":2},"end":{"line":69,"column":36}},"45":{"start":{"line":70,"column":27},"end":{"line":70,"column":59}},"46":{"start":{"line":71,"column":2},"end":{"line":71,"column":43}},"47":{"start":{"line":72,"column":2},"end":{"line":72,"column":40}},"48":{"start":{"line":73,"column":2},"end":{"line":73,"column":51}},"49":{"start":{"line":74,"column":2},"end":{"line":74,"column":53}},"50":{"start":{"line":75,"column":2},"end":{"line":75,"column":50}},"51":{"start":{"line":76,"column":2},"end":{"line":76,"column":43}},"52":{"start":{"line":77,"column":2},"end":{"line":77,"column":19}},"53":{"start":{"line":79,"column":2},"end":{"line":93,"column":5}},"54":{"start":{"line":80,"column":4},"end":{"line":87,"column":5}},"55":{"start":{"line":81,"column":6},"end":{"line":81,"column":40}},"56":{"start":{"line":82,"column":6},"end":{"line":82,"column":53}},"57":{"start":{"line":83,"column":6},"end":{"line":83,"column":33}},"58":{"start":{"line":85,"column":6},"end":{"line":85,"column":40}},"59":{"start":{"line":86,"column":6},"end":{"line":86,"column":62}},"60":{"start":{"line":90,"column":22},"end":{"line":90,"column":47}},"61":{"start":{"line":91,"column":4},"end":{"line":91,"column":66}},"62":{"start":{"line":92,"column":4},"end":{"line":92,"column":15}},"63":{"start":{"line":96,"column":2},"end":{"line":98,"column":5}},"64":{"start":{"line":97,"column":4},"end":{"line":97,"column":45}},"65":{"start":{"line":101,"column":2},"end":{"line":106,"column":5}},"66":{"start":{"line":102,"column":22},"end":{"line":102,"column":47}},"67":{"start":{"line":103,"column":4},"end":{"line":103,"column":37}},"68":{"start":{"line":104,"column":4},"end":{"line":104,"column":19}},"69":{"start":{"line":105,"column":4},"end":{"line":105,"column":15}},"70":{"start":{"line":109,"column":26},"end":{"line":109,"column":63}},"71":{"start":{"line":110,"column":2},"end":{"line":116,"column":5}},"72":{"start":{"line":111,"column":23},"end":{"line":111,"column":62}},"73":{"start":{"line":112,"column":4},"end":{"line":114,"column":7}},"74":{"start":{"line":113,"column":6},"end":{"line":113,"column":20}},"75":{"start":{"line":115,"column":4},"end":{"line":115,"column":15}},"76":{"start":{"line":121,"column":2},"end":{"line":135,"column":5}},"77":{"start":{"line":122,"column":4},"end":{"line":133,"column":5}},"78":{"start":{"line":123,"column":6},"end":{"line":123,"column":28}},"79":{"start":{"line":124,"column":6},"end":{"line":124,"column":47}},"80":{"start":{"line":127,"column":24},"end":{"line":127,"column":49}},"81":{"start":{"line":128,"column":6},"end":{"line":128,"column":46}},"82":{"start":{"line":130,"column":6},"end":{"line":130,"column":29}},"83":{"start":{"line":131,"column":6},"end":{"line":131,"column":50}},"84":{"start":{"line":132,"column":6},"end":{"line":132,"column":45}},"85":{"start":{"line":134,"column":4},"end":{"line":134,"column":15}},"86":{"start":{"line":137,"column":2},"end":{"line":139,"column":3}},"87":{"start":{"line":138,"column":4},"end":{"line":138,"column":34}},"88":{"start":{"line":142,"column":2},"end":{"line":151,"column":3}},"89":{"start":{"line":143,"column":4},"end":{"line":143,"column":27}},"90":{"start":{"line":144,"column":18},"end":{"line":144,"column":47}},"91":{"start":{"line":145,"column":4},"end":{"line":145,"column":33}},"92":{"start":{"line":146,"column":4},"end":{"line":146,"column":44}},"93":{"start":{"line":147,"column":4},"end":{"line":147,"column":36}},"94":{"start":{"line":148,"column":4},"end":{"line":150,"column":13}},"95":{"start":{"line":149,"column":6},"end":{"line":149,"column":21}},"96":{"start":{"line":155,"column":2},"end":{"line":159,"column":5}},"97":{"start":{"line":156,"column":4},"end":{"line":156,"column":23}},"98":{"start":{"line":157,"column":4},"end":{"line":157,"column":17}},"99":{"start":{"line":158,"column":4},"end":{"line":158,"column":34}},"100":{"start":{"line":162,"column":22},"end":{"line":174,"column":1}},"101":{"start":{"line":163,"column":2},"end":{"line":173,"column":3}},"102":{"start":{"line":164,"column":4},"end":{"line":164,"column":21}},"103":{"start":{"line":165,"column":4},"end":{"line":167,"column":7}},"104":{"start":{"line":166,"column":6},"end":{"line":166,"column":30}},"105":{"start":{"line":169,"column":31},"end":{"line":169,"column":59}},"106":{"start":{"line":170,"column":4},"end":{"line":170,"column":45}},"107":{"start":{"line":171,"column":4},"end":{"line":171,"column":60}},"108":{"start":{"line":172,"column":4},"end":{"line":172,"column":50}},"109":{"start":{"line":176,"column":0},"end":{"line":176,"column":70}}},"fnMap":{"0":{"name":"(anonymous_0)","decl":{"start":{"line":11,"column":17},"end":{"line":11,"column":18}},"loc":{"start":{"line":11,"column":23},"end":{"line":14,"column":1}},"line":11},"1":{"name":"(anonymous_1)","decl":{"start":{"line":16,"column":23},"end":{"line":16,"column":24}},"loc":{"start":{"line":16,"column":29},"end":{"line":18,"column":1}},"line":16},"2":{"name":"(anonymous_2)","decl":{"start":{"line":20,"column":19},"end":{"line":20,"column":20}},"loc":{"start":{"line":20,"column":25},"end":{"line":30,"column":1}},"line":20},"3":{"name":"(anonymous_3)","decl":{"start":{"line":32,"column":21},"end":{"line":32,"column":22}},"loc":{"start":{"line":32,"column":27},"end":{"line":38,"column":1}},"line":32},"4":{"name":"(anonymous_4)","decl":{"start":{"line":34,"column":22},"end":{"line":34,"column":23}},"loc":{"start":{"line":34,"column":32},"end":{"line":37,"column":3}},"line":34},"5":{"name":"(anonymous_5)","decl":{"start":{"line":40,"column":17},"end":{"line":40,"column":18}},"loc":{"start":{"line":40,"column":23},"end":{"line":44,"column":1}},"line":40},"6":{"name":"(anonymous_6)","decl":{"start":{"line":41,"column":35},"end":{"line":41,"column":36}},"loc":{"start":{"line":41,"column":45},"end":{"line":41,"column":60}},"line":41},"7":{"name":"addEditRemoveTask","decl":{"start":{"line":46,"column":9},"end":{"line":46,"column":26}},"loc":{"start":{"line":46,"column":33},"end":{"line":152,"column":1}},"line":46},"8":{"name":"(anonymous_8)","decl":{"start":{"line":79,"column":43},"end":{"line":79,"column":44}},"loc":{"start":{"line":79,"column":49},"end":{"line":93,"column":3}},"line":79},"9":{"name":"(anonymous_9)","decl":{"start":{"line":96,"column":45},"end":{"line":96,"column":46}},"loc":{"start":{"line":96,"column":51},"end":{"line":98,"column":3}},"line":96},"10":{"name":"(anonymous_10)","decl":{"start":{"line":101,"column":45},"end":{"line":101,"column":46}},"loc":{"start":{"line":101,"column":51},"end":{"line":106,"column":3}},"line":101},"11":{"name":"(anonymous_11)","decl":{"start":{"line":110,"column":44},"end":{"line":110,"column":45}},"loc":{"start":{"line":110,"column":50},"end":{"line":116,"column":3}},"line":110},"12":{"name":"(anonymous_12)","decl":{"start":{"line":112,"column":23},"end":{"line":112,"column":24}},"loc":{"start":{"line":112,"column":33},"end":{"line":114,"column":5}},"line":112},"13":{"name":"(anonymous_13)","decl":{"start":{"line":121,"column":51},"end":{"line":121,"column":52}},"loc":{"start":{"line":121,"column":57},"end":{"line":135,"column":3}},"line":121},"14":{"name":"(anonymous_14)","decl":{"start":{"line":148,"column":15},"end":{"line":148,"column":16}},"loc":{"start":{"line":148,"column":21},"end":{"line":150,"column":5}},"line":148},"15":{"name":"formSubmission","decl":{"start":{"line":154,"column":9},"end":{"line":154,"column":23}},"loc":{"start":{"line":154,"column":26},"end":{"line":160,"column":1}},"line":154},"16":{"name":"(anonymous_16)","decl":{"start":{"line":155,"column":34},"end":{"line":155,"column":35}},"loc":{"start":{"line":155,"column":41},"end":{"line":159,"column":3}},"line":155},"17":{"name":"(anonymous_17)","decl":{"start":{"line":162,"column":22},"end":{"line":162,"column":23}},"loc":{"start":{"line":162,"column":28},"end":{"line":174,"column":1}},"line":162},"18":{"name":"(anonymous_18)","decl":{"start":{"line":165,"column":20},"end":{"line":165,"column":21}},"loc":{"start":{"line":165,"column":30},"end":{"line":167,"column":5}},"line":165}},"branchMap":{"0":{"loc":{"start":{"line":26,"column":2},"end":{"line":29,"column":3}},"type":"if","locations":[{"start":{"line":26,"column":2},"end":{"line":29,"column":3}},{"start":{},"end":{}}],"line":26},"1":{"loc":{"start":{"line":80,"column":4},"end":{"line":87,"column":5}},"type":"if","locations":[{"start":{"line":80,"column":4},"end":{"line":87,"column":5}},{"start":{"line":84,"column":11},"end":{"line":87,"column":5}}],"line":80},"2":{"loc":{"start":{"line":122,"column":4},"end":{"line":133,"column":5}},"type":"if","locations":[{"start":{"line":122,"column":4},"end":{"line":133,"column":5}},{"start":{"line":129,"column":11},"end":{"line":133,"column":5}}],"line":122},"3":{"loc":{"start":{"line":137,"column":2},"end":{"line":139,"column":3}},"type":"if","locations":[{"start":{"line":137,"column":2},"end":{"line":139,"column":3}},{"start":{},"end":{}}],"line":137},"4":{"loc":{"start":{"line":142,"column":2},"end":{"line":151,"column":3}},"type":"if","locations":[{"start":{"line":142,"column":2},"end":{"line":151,"column":3}},{"start":{},"end":{}}],"line":142},"5":{"loc":{"start":{"line":163,"column":2},"end":{"line":173,"column":3}},"type":"if","locations":[{"start":{"line":163,"column":2},"end":{"line":173,"column":3}},{"start":{"line":168,"column":9},"end":{"line":173,"column":3}}],"line":163}},"s":{"0":1,"1":1,"2":1,"3":1,"4":1,"5":1,"6":0,"7":0,"8":1,"9":0,"10":1,"11":0,"12":0,"13":0,"14":0,"15":1,"16":0,"17":0,"18":0,"19":0,"20":1,"21":0,"22":0,"23":0,"24":0,"25":0,"26":0,"27":0,"28":0,"29":0,"30":0,"31":0,"32":0,"33":0,"34":0,"35":0,"36":0,"37":0,"38":0,"39":0,"40":0,"41":0,"42":0,"43":0,"44":0,"45":0,"46":0,"47":0,"48":0,"49":0,"50":0,"51":0,"52":0,"53":0,"54":0,"55":0,"56":0,"57":0,"58":0,"59":0,"60":0,"61":0,"62":0,"63":0,"64":0,"65":0,"66":0,"67":0,"68":0,"69":0,"70":0,"71":0,"72":0,"73":0,"74":0,"75":0,"76":0,"77":0,"78":0,"79":0,"80":0,"81":0,"82":0,"83":0,"84":0,"85":0,"86":0,"87":0,"88":0,"89":0,"90":0,"91":0,"92":0,"93":0,"94":0,"95":0,"96":0,"97":0,"98":0,"99":0,"100":1,"101":0,"102":0,"103":0,"104":0,"105":0,"106":0,"107":0,"108":0,"109":1},"f":{"0":0,"1":0,"2":0,"3":0,"4":0,"5":0,"6":0,"7":0,"8":0,"9":0,"10":0,"11":0,"12":0,"13":0,"14":0,"15":0,"16":0,"17":0,"18":0},"b":{"0":[0,0],"1":[0,0],"2":[0,0],"3":[0,0],"4":[0,0],"5":[0,0]},"_coverageSchema":"1a1c01bbd47fc00a2c39e90264f33305004495a9","hash":"9aefe12cf7682ec32e4afa056d96fd9da1e7de5f"}
}
